<?xml version="1.0" encoding="UTF-8"?>
<testng-results skipped="0" failed="0" ignored="0" total="1" passed="1">
  <reporter-output>
  </reporter-output>
  <suite name="Suite" duration-ms="58" started-at="2021-10-25T23:28:57 IST" finished-at="2021-10-25T23:28:58 IST">
    <groups>
    </groups>
    <test name="Test" duration-ms="58" started-at="2021-10-25T23:28:57 IST" finished-at="2021-10-25T23:28:58 IST">
      <class name="horse.myTest">
        <test-method status="PASS" signature="mytest()[pri:0, instance:horse.myTest@3b084709]" name="mytest" duration-ms="5" started-at="2021-10-25T23:28:57 IST" finished-at="2021-10-25T23:28:58 IST">
          <reporter-output>
          </reporter-output>
        </test-method> <!-- mytest -->
      </class> <!-- horse.myTest -->
    </test> <!-- Test -->
  </suite> <!-- Suite -->
</testng-results>
